<?xml version="1.0" encoding="UTF-8"?>
<testsuite xmlns:xsi="http://www.w3.org/2001/XMLSchema-instance" xsi:noNamespaceSchemaLocation="https://maven.apache.org/surefire/maven-surefire-plugin/xsd/surefire-test-report-3.0.xsd" version="3.0" name="com.company.workflowbuilder.migration.FlywayMigrationTest" time="0.028" tests="1" errors="0" skipped="1" failures="0">
  <properties/>
  <testcase name="migratesAnEmptyDatabaseToTheCurrentSchema" classname="com.company.workflowbuilder.migration.FlywayMigrationTest" time="0.0">
    <skipped message="disabledWithoutDocker is true and Docker is not available"/>
    <system-out><![CDATA[13:20:20.313 [main] INFO org.testcontainers.dockerclient.DockerMachineClientProviderStrategy -- docker-machine executable was not found on PATH ([C:\Users\PC\.sbx-denybin, C:\Users\PC\.codex\tmp\arg0\codex-arg0fxkqvL, C:\Program Files (x86)\VMware\VMware Workstation\bin\, C:\Program Files\Java\jdk-22\bin, C:\Users\PC\AppData\Local\Programs\Python\Python311, C:\WINDOWS\system32, C:\WINDOWS, C:\WINDOWS\System32\Wbem, C:\WINDOWS\System32\WindowsPowerShell\v1.0\, C:\Users\PC\AppData\Local\Programs\Python\Python39, C:\Program Files\Microsoft MPI\Bin\, C:\WINDOWS\System32\OpenSSH\, C:\Program Files (x86)\Microsoft SQL Server\160\Tools\Binn\, C:\Program Files\Microsoft SQL Server\Client SDK\ODBC\170\Tools\Binn\, C:\Program Files\Microsoft SQL Server\160\DTS\Binn\, C:\Program Files\Git\cmd, C:\Program Files\nodejs\, C:\ProgramData\Microsoft\Windows\Start Menu\Programs\Node.js, C:\Program Files (x86)\Microsoft SQL Server\160\DTS\Binn\, C:\Program Files\Graphviz\bin, C:\hadoop\bin, C:\spark-3.5.6-bin-hadoop3\bin, C:\Program Files\Java\apache-maven-3.9.14\bin, C:\Program Files (x86)\Common Files\Oracle\Java\java8path, C:\Program Files (x86)\Common Files\Oracle\Java\javapath, C:\Program Files\Cloudflare\Cloudflare WARP\, C:\Program Files\Java\jdk-22\bin, C:\Program Files\MySQL\MySQL Shell 8.0\bin\, C:\Users\PC\AppData\Local\Programs\Python\Python311, C:\Users\PC\AppData\Roaming\npm, C:\Users\PC\AppData\Local\Programs\Python\Python311\Scripts\, C:\Users\PC\AppData\Local\Programs\Microsoft VS Code\bin, C:\spark-3.5.6-bin-hadoop3\bin, C:\hadoop\bin, C:\Program Files\JetBrains\IntelliJ IDEA 2026.1.2\bin, C:\Users\PC\AppData\Local\Programs\Antigravity IDE\bin, C:\Users\PC\AppData\Local\Programs\Ollama, c:\Users\PC\.vscode\extensions\openai.chatgpt-26.908.31457-win32-x64\bin\windows-x86_64])
13:20:20.332 [main] ERROR org.testcontainers.dockerclient.DockerClientProviderStrategy -- Could not find a valid Docker environment. Please check configuration. Attempted configurations were:
As no valid configuration was found, execution cannot continue.
See https://java.testcontainers.org/on_failure.html for more details.
]]></system-out>
  </testcase>
</testsuite>